2013-07-27 21:16:44.438 HelloWorld[56102:c07] Multi-tasking -> Device: YES, App: YES
2013-07-27 21:16:44.680 HelloWorld[56102:c07] Resetting plugins due to page load.
2013-07-27 21:16:44.796 HelloWorld[56102:c07] Finished load of: file:///Users/makhani/Library/Application%20Support/iPhone%20Simulator/6.1/Applications/F9CB8412-C988-4477-90F7-2F393B11F039/HelloWorld.app/www/index.html
2013-07-27 21:19:09.800 HelloWorld[56434:c07] Multi-tasking -> Device: YES, App: YES
2013-07-27 21:19:09.845 HelloWorld[56434:c07] Resetting plugins due to page load.
2013-07-27 21:19:09.888 HelloWorld[56434:c07] Finished load of: file:///Users/makhani/Library/Application%20Support/iPhone%20Simulator/6.1/Applications/F9CB8412-C988-4477-90F7-2F393B11F039/HelloWorld.app/www/index.html
2013-07-27 21:19:40.077 HelloWorld[56746:c07] Multi-tasking -> Device: YES, App: YES
2013-07-27 21:19:40.171 HelloWorld[56746:c07] Resetting plugins due to page load.
2013-07-27 21:19:40.221 HelloWorld[56746:c07] Finished load of: file:///Users/makhani/Library/Application%20Support/iPhone%20Simulator/6.1/Applications/F9CB8412-C988-4477-90F7-2F393B11F039/HelloWorld.app/www/index.html
2013-07-27 21:38:18.841 HelloWorld[57329:c07] Multi-tasking -> Device: YES, App: YES
2013-07-27 21:38:18.887 HelloWorld[57329:c07] Resetting plugins due to page load.
2013-07-27 21:38:19.155 HelloWorld[57329:c07] Finished load of: file:///Users/makhani/Library/Application%20Support/iPhone%20Simulator/6.1/Applications/F9CB8412-C988-4477-90F7-2F393B11F039/HelloWorld.app/www/index.html
2013-07-27 21:44:37.982 HelloWorld[57688:c07] Multi-tasking -> Device: YES, App: YES
2013-07-27 21:44:38.025 HelloWorld[57688:c07] Resetting plugins due to page load.
2013-07-27 21:44:38.255 HelloWorld[57688:c07] Finished load of: file:///Users/makhani/Library/Application%20Support/iPhone%20Simulator/6.1/Applications/F9CB8412-C988-4477-90F7-2F393B11F039/HelloWorld.app/www/index.html
2013-07-27 23:22:56.253 Snap[62169:c07] Multi-tasking -> Device: YES, App: YES
2013-07-27 23:22:56.306 Snap[62169:c07] Resetting plugins due to page load.
2013-07-27 23:22:56.543 Snap[62169:c07] Finished load of: file:///Users/makhani/Library/Application%20Support/iPhone%20Simulator/6.1/Applications/C4F9137A-B28E-4A49-A9FB-6FADCB2C0747/Snap.app/www/index.html
2013-07-27 23:23:44.318 Snap[62553:c07] Multi-tasking -> Device: YES, App: YES
2013-07-27 23:23:44.363 Snap[62553:c07] Resetting plugins due to page load.
2013-07-27 23:23:44.590 Snap[62553:c07] Finished load of: file:///Users/makhani/Library/Application%20Support/iPhone%20Simulator/6.1/Applications/C4F9137A-B28E-4A49-A9FB-6FADCB2C0747/Snap.app/www/index.html
2013-07-27 23:24:56.667 Snap[62995:c07] Multi-tasking -> Device: YES, App: YES
2013-07-27 23:24:56.843 Snap[62995:c07] Resetting plugins due to page load.
2013-07-27 23:24:57.067 Snap[62995:c07] Finished load of: file:///Users/makhani/Library/Application%20Support/iPhone%20Simulator/6.1/Applications/C4F9137A-B28E-4A49-A9FB-6FADCB2C0747/Snap.app/www/index.html
